This file contains any messages produced by compilers while
running configure, to aid debugging if configure makes a mistake.

configure:551: checking for gcc
configure:628: checking whether the C compiler (gcc  ) works
configure:642: gcc -o conftest    conftest.c  1>&5
configure:662: checking whether the C compiler (gcc  ) is a cross-compiler
configure:667: checking whether we are using GNU C
configure:676: gcc -E conftest.c
configure:691: checking whether gcc accepts -g
configure:719: checking whether make sets ${MAKE}
configure:756: checking for a BSD compatible install
configure:815: checking for strerror
configure:843: gcc -o conftest -g -O2   conftest.c  1>&5
configure:868: checking for sys_errlist in -lc
configure:887: gcc -o conftest -g -O2   conftest.c -lc   1>&5
configure:911: checking for socket in -lsocket
configure:930: gcc -o conftest -g -O2   conftest.c -lsocket   1>&5
/usr/bin/ld: cannot find -lsocket
collect2: ld returned 1 exit status
configure: failed program was:
#line 919 "configure"
#include "confdefs.h"
/* Override any gcc2 internal prototype to avoid an error.  */
/* We use char because int might match the return type of a gcc2
    builtin and then its argument prototype would still apply.  */
char socket();

int main() {
socket()
; return 0; }
configure:951: checking for gethostbyname in -lnsl
configure:970: gcc -o conftest -g -O2   conftest.c -lnsl  -lresolv  1>&5
